2022-04-11 14:18:53.899  INFO 4936 --- [restartedMain] com.chl.boot.log.LogApplication          : Starting LogApplication using Java 17.0.2 on DESKTOP-NA49ICS with PID 4936 (D:\SpringBoot\boot-learning\boot-log-framework\target\classes started by 小曹同学 in D:\SpringBoot\boot-learning)
2022-04-11 14:18:53.900  INFO 4936 --- [restartedMain] com.chl.boot.log.LogApplication          : No active profile set, falling back to 1 default profile: "default"
2022-04-11 14:18:54.064  INFO 4936 --- [restartedMain] ptablePropertiesBeanFactoryPostProcessor : Post-processing PropertySource instances
2022-04-11 14:18:54.064  INFO 4936 --- [restartedMain] c.u.j.EncryptablePropertySourceConverter : Skipping PropertySource configurationProperties [class org.springframework.boot.context.properties.source.ConfigurationPropertySourcesPropertySource
2022-04-11 14:18:54.064  INFO 4936 --- [restartedMain] c.u.j.EncryptablePropertySourceConverter : Skipping PropertySource servletConfigInitParams [class org.springframework.core.env.PropertySource$StubPropertySource
2022-04-11 14:18:54.065  INFO 4936 --- [restartedMain] c.u.j.EncryptablePropertySourceConverter : Skipping PropertySource servletContextInitParams [class org.springframework.core.env.PropertySource$StubPropertySource
2022-04-11 14:18:54.065  INFO 4936 --- [restartedMain] c.u.j.EncryptablePropertySourceConverter : Converting PropertySource systemProperties [org.springframework.core.env.PropertiesPropertySource] to EncryptableMapPropertySourceWrapper
2022-04-11 14:18:54.065  INFO 4936 --- [restartedMain] c.u.j.EncryptablePropertySourceConverter : Converting PropertySource systemEnvironment [org.springframework.boot.env.SystemEnvironmentPropertySourceEnvironmentPostProcessor$OriginAwareSystemEnvironmentPropertySource] to EncryptableSystemEnvironmentPropertySourceWrapper
2022-04-11 14:18:54.065  INFO 4936 --- [restartedMain] c.u.j.EncryptablePropertySourceConverter : Converting PropertySource random [org.springframework.boot.env.RandomValuePropertySource] to EncryptablePropertySourceWrapper
2022-04-11 14:18:54.065  INFO 4936 --- [restartedMain] c.u.j.EncryptablePropertySourceConverter : Converting PropertySource Config resource 'class path resource [application.yml]' via location 'optional:classpath:/' [org.springframework.boot.env.OriginTrackedMapPropertySource] to EncryptableMapPropertySourceWrapper
2022-04-11 14:18:54.065  INFO 4936 --- [restartedMain] c.u.j.EncryptablePropertySourceConverter : Converting PropertySource devtools [org.springframework.core.env.MapPropertySource] to EncryptableMapPropertySourceWrapper
2022-04-11 14:18:54.073  INFO 4936 --- [restartedMain] c.u.j.filter.DefaultLazyPropertyFilter   : Property Filter custom Bean not found with name 'encryptablePropertyFilter'. Initializing Default Property Filter
2022-04-11 14:18:54.077  INFO 4936 --- [restartedMain] c.u.j.r.DefaultLazyPropertyResolver      : Property Resolver custom Bean not found with name 'encryptablePropertyResolver'. Initializing Default Property Resolver
2022-04-11 14:18:54.077  INFO 4936 --- [restartedMain] c.u.j.d.DefaultLazyPropertyDetector      : Property Detector custom Bean not found with name 'encryptablePropertyDetector'. Initializing Default Property Detector
2022-04-11 14:18:54.112  INFO 4936 --- [restartedMain] o.s.b.w.embedded.tomcat.TomcatWebServer  : Tomcat initialized with port(s): 8080 (http)
2022-04-11 14:18:54.113  INFO 4936 --- [restartedMain] o.a.catalina.core.AprLifecycleListener   : Loaded Apache Tomcat Native library [1.2.31] using APR version [1.7.0].
2022-04-11 14:18:54.113  INFO 4936 --- [restartedMain] o.a.catalina.core.AprLifecycleListener   : APR capabilities: IPv6 [true], sendfile [true], accept filters [false], random [true], UDS [true].
2022-04-11 14:18:54.113  INFO 4936 --- [restartedMain] o.a.catalina.core.AprLifecycleListener   : APR/OpenSSL configuration: useAprConnector [false], useOpenSSL [true]
2022-04-11 14:18:54.113  INFO 4936 --- [restartedMain] o.a.catalina.core.AprLifecycleListener   : OpenSSL successfully initialized [OpenSSL 1.1.1l  24 Aug 2021]
2022-04-11 14:18:54.114  INFO 4936 --- [restartedMain] o.apache.catalina.core.StandardService   : Starting service [Tomcat]
2022-04-11 14:18:54.115  INFO 4936 --- [restartedMain] org.apache.catalina.core.StandardEngine  : Starting Servlet engine: [Apache Tomcat/9.0.58]
2022-04-11 14:18:54.131  INFO 4936 --- [restartedMain] o.a.c.c.C.[Tomcat].[localhost].[/]       : Initializing Spring embedded WebApplicationContext
2022-04-11 14:18:54.131  INFO 4936 --- [restartedMain] w.s.c.ServletWebServerApplicationContext : Root WebApplicationContext: initialization completed in 229 ms
2022-04-11 14:18:54.214  INFO 4936 --- [restartedMain] o.s.b.d.a.OptionalLiveReloadServer       : LiveReload server is running on port 35729
2022-04-11 14:18:54.223  INFO 4936 --- [restartedMain] o.s.b.w.embedded.tomcat.TomcatWebServer  : Tomcat started on port(s): 8080 (http) with context path ''
2022-04-11 14:18:54.223  INFO 4936 --- [restartedMain] u.j.c.RefreshScopeRefreshedEventListener : Refreshing cached encryptable property sources on ServletWebServerInitializedEvent
2022-04-11 14:18:54.223  INFO 4936 --- [restartedMain] CachingDelegateEncryptablePropertySource : Property Source systemProperties refreshed
2022-04-11 14:18:54.223  INFO 4936 --- [restartedMain] CachingDelegateEncryptablePropertySource : Property Source systemEnvironment refreshed
2022-04-11 14:18:54.223  INFO 4936 --- [restartedMain] CachingDelegateEncryptablePropertySource : Property Source random refreshed
2022-04-11 14:18:54.224  INFO 4936 --- [restartedMain] CachingDelegateEncryptablePropertySource : Property Source Config resource 'class path resource [application.yml]' via location 'optional:classpath:/' refreshed
2022-04-11 14:18:54.224  INFO 4936 --- [restartedMain] CachingDelegateEncryptablePropertySource : Property Source devtools refreshed
2022-04-11 14:18:54.224  INFO 4936 --- [restartedMain] c.u.j.EncryptablePropertySourceConverter : Converting PropertySource server.ports [org.springframework.core.env.MapPropertySource] to EncryptableMapPropertySourceWrapper
2022-04-11 14:18:54.224  INFO 4936 --- [restartedMain] c.u.j.EncryptablePropertySourceConverter : Skipping PropertySource configurationProperties [class org.springframework.boot.context.properties.source.ConfigurationPropertySourcesPropertySource
2022-04-11 14:18:54.224  INFO 4936 --- [restartedMain] c.u.j.EncryptablePropertySourceConverter : Skipping PropertySource servletConfigInitParams [class org.springframework.core.env.PropertySource$StubPropertySource
2022-04-11 14:18:54.227  INFO 4936 --- [restartedMain] c.u.j.EncryptablePropertySourceConverter : Converting PropertySource servletContextInitParams [org.springframework.web.context.support.ServletContextPropertySource] to EncryptableEnumerablePropertySourceWrapper
2022-04-11 14:18:54.232  INFO 4936 --- [restartedMain] com.chl.boot.log.LogApplication          : Started LogApplication in 0.373 seconds (JVM running for 832.655)
2022-04-11 14:18:54.233  INFO 4936 --- [restartedMain] .ConditionEvaluationDeltaLoggingListener : Condition evaluation unchanged
2022-04-11 14:18:57.565  INFO 7900 --- [restartedMain] com.chl.boot.log.LogApplication          : Starting LogApplication using Java 17.0.2 on DESKTOP-NA49ICS with PID 7900 (D:\SpringBoot\boot-learning\boot-log-framework\target\classes started by 小曹同学 in D:\SpringBoot\boot-learning)
2022-04-11 14:18:57.567  INFO 7900 --- [restartedMain] com.chl.boot.log.LogApplication          : No active profile set, falling back to 1 default profile: "default"
2022-04-11 14:18:57.624  INFO 7900 --- [restartedMain] .e.DevToolsPropertyDefaultsPostProcessor : Devtools property defaults active! Set 'spring.devtools.add-properties' to 'false' to disable
2022-04-11 14:18:57.625  INFO 7900 --- [restartedMain] .e.DevToolsPropertyDefaultsPostProcessor : For additional web related logging consider setting the 'logging.level.web' property to 'DEBUG'
2022-04-11 14:18:58.416  INFO 7900 --- [restartedMain] ptablePropertiesBeanFactoryPostProcessor : Post-processing PropertySource instances
2022-04-11 14:18:58.416  INFO 7900 --- [restartedMain] c.u.j.EncryptablePropertySourceConverter : Skipping PropertySource configurationProperties [class org.springframework.boot.context.properties.source.ConfigurationPropertySourcesPropertySource
2022-04-11 14:18:58.417  INFO 7900 --- [restartedMain] c.u.j.EncryptablePropertySourceConverter : Skipping PropertySource servletConfigInitParams [class org.springframework.core.env.PropertySource$StubPropertySource
2022-04-11 14:18:58.417  INFO 7900 --- [restartedMain] c.u.j.EncryptablePropertySourceConverter : Skipping PropertySource servletContextInitParams [class org.springframework.core.env.PropertySource$StubPropertySource
2022-04-11 14:18:58.418  INFO 7900 --- [restartedMain] c.u.j.EncryptablePropertySourceConverter : Converting PropertySource systemProperties [org.springframework.core.env.PropertiesPropertySource] to EncryptableMapPropertySourceWrapper
2022-04-11 14:18:58.419  INFO 7900 --- [restartedMain] c.u.j.EncryptablePropertySourceConverter : Converting PropertySource systemEnvironment [org.springframework.boot.env.SystemEnvironmentPropertySourceEnvironmentPostProcessor$OriginAwareSystemEnvironmentPropertySource] to EncryptableSystemEnvironmentPropertySourceWrapper
2022-04-11 14:18:58.420  INFO 7900 --- [restartedMain] c.u.j.EncryptablePropertySourceConverter : Converting PropertySource random [org.springframework.boot.env.RandomValuePropertySource] to EncryptablePropertySourceWrapper
2022-04-11 14:18:58.420  INFO 7900 --- [restartedMain] c.u.j.EncryptablePropertySourceConverter : Converting PropertySource Config resource 'class path resource [application.yml]' via location 'optional:classpath:/' [org.springframework.boot.env.OriginTrackedMapPropertySource] to EncryptableMapPropertySourceWrapper
2022-04-11 14:18:58.420  INFO 7900 --- [restartedMain] c.u.j.EncryptablePropertySourceConverter : Converting PropertySource devtools [org.springframework.core.env.MapPropertySource] to EncryptableMapPropertySourceWrapper
2022-04-11 14:18:58.501  INFO 7900 --- [restartedMain] c.u.j.filter.DefaultLazyPropertyFilter   : Property Filter custom Bean not found with name 'encryptablePropertyFilter'. Initializing Default Property Filter
2022-04-11 14:18:58.511  INFO 7900 --- [restartedMain] c.u.j.r.DefaultLazyPropertyResolver      : Property Resolver custom Bean not found with name 'encryptablePropertyResolver'. Initializing Default Property Resolver
2022-04-11 14:18:58.512  INFO 7900 --- [restartedMain] c.u.j.d.DefaultLazyPropertyDetector      : Property Detector custom Bean not found with name 'encryptablePropertyDetector'. Initializing Default Property Detector
2022-04-11 14:18:58.658  INFO 7900 --- [restartedMain] o.s.b.w.embedded.tomcat.TomcatWebServer  : Tomcat initialized with port(s): 8080 (http)
2022-04-11 14:18:58.659  INFO 7900 --- [restartedMain] o.a.catalina.core.AprLifecycleListener   : Loaded Apache Tomcat Native library [1.2.31] using APR version [1.7.0].
2022-04-11 14:18:58.659  INFO 7900 --- [restartedMain] o.a.catalina.core.AprLifecycleListener   : APR capabilities: IPv6 [true], sendfile [true], accept filters [false], random [true], UDS [true].
2022-04-11 14:18:58.659  INFO 7900 --- [restartedMain] o.a.catalina.core.AprLifecycleListener   : APR/OpenSSL configuration: useAprConnector [false], useOpenSSL [true]
2022-04-11 14:18:58.662  INFO 7900 --- [restartedMain] o.a.catalina.core.AprLifecycleListener   : OpenSSL successfully initialized [OpenSSL 1.1.1l  24 Aug 2021]
2022-04-11 14:18:58.668  INFO 7900 --- [restartedMain] o.apache.catalina.core.StandardService   : Starting service [Tomcat]
2022-04-11 14:18:58.669  INFO 7900 --- [restartedMain] org.apache.catalina.core.StandardEngine  : Starting Servlet engine: [Apache Tomcat/9.0.58]
2022-04-11 14:18:58.717  INFO 7900 --- [restartedMain] o.a.c.c.C.[Tomcat].[localhost].[/]       : Initializing Spring embedded WebApplicationContext
2022-04-11 14:18:58.717  INFO 7900 --- [restartedMain] w.s.c.ServletWebServerApplicationContext : Root WebApplicationContext: initialization completed in 1091 ms
2022-04-11 14:18:58.991  INFO 7900 --- [restartedMain] o.s.b.d.a.OptionalLiveReloadServer       : LiveReload server is running on port 35729
2022-04-11 14:18:59.046  INFO 7900 --- [restartedMain] o.s.b.w.embedded.tomcat.TomcatWebServer  : Tomcat started on port(s): 8080 (http) with context path ''
2022-04-11 14:18:59.048  INFO 7900 --- [restartedMain] u.j.c.RefreshScopeRefreshedEventListener : Refreshing cached encryptable property sources on ServletWebServerInitializedEvent
2022-04-11 14:18:59.048  INFO 7900 --- [restartedMain] CachingDelegateEncryptablePropertySource : Property Source systemProperties refreshed
2022-04-11 14:18:59.048  INFO 7900 --- [restartedMain] CachingDelegateEncryptablePropertySource : Property Source systemEnvironment refreshed
2022-04-11 14:18:59.048  INFO 7900 --- [restartedMain] CachingDelegateEncryptablePropertySource : Property Source random refreshed
2022-04-11 14:18:59.049  INFO 7900 --- [restartedMain] CachingDelegateEncryptablePropertySource : Property Source Config resource 'class path resource [application.yml]' via location 'optional:classpath:/' refreshed
2022-04-11 14:18:59.049  INFO 7900 --- [restartedMain] CachingDelegateEncryptablePropertySource : Property Source devtools refreshed
2022-04-11 14:18:59.049  INFO 7900 --- [restartedMain] c.u.j.EncryptablePropertySourceConverter : Converting PropertySource server.ports [org.springframework.core.env.MapPropertySource] to EncryptableMapPropertySourceWrapper
2022-04-11 14:18:59.049  INFO 7900 --- [restartedMain] c.u.j.EncryptablePropertySourceConverter : Skipping PropertySource configurationProperties [class org.springframework.boot.context.properties.source.ConfigurationPropertySourcesPropertySource
2022-04-11 14:18:59.049  INFO 7900 --- [restartedMain] c.u.j.EncryptablePropertySourceConverter : Skipping PropertySource servletConfigInitParams [class org.springframework.core.env.PropertySource$StubPropertySource
2022-04-11 14:18:59.049  INFO 7900 --- [restartedMain] c.u.j.EncryptablePropertySourceConverter : Converting PropertySource servletContextInitParams [org.springframework.web.context.support.ServletContextPropertySource] to EncryptableEnumerablePropertySourceWrapper
2022-04-11 14:18:59.059  INFO 7900 --- [restartedMain] com.chl.boot.log.LogApplication          : Started LogApplication in 1.899 seconds (JVM running for 2.503)
2022-04-11 14:19:01.036  INFO 7900 --- [http-nio-8080-exec-1] o.a.c.c.C.[Tomcat].[localhost].[/]       : Initializing Spring DispatcherServlet 'dispatcherServlet'
2022-04-11 14:19:01.036  INFO 7900 --- [http-nio-8080-exec-1] o.s.web.servlet.DispatcherServlet        : Initializing Servlet 'dispatcherServlet'
2022-04-11 14:19:01.037  INFO 7900 --- [http-nio-8080-exec-1] o.s.web.servlet.DispatcherServlet        : Completed initialization in 1 ms
2022-04-11 14:19:01.050 DEBUG 7900 --- [http-nio-8080-exec-1] c.c.b.log.controller.LogTesController    : debug日志
2022-04-11 14:19:01.051  INFO 7900 --- [http-nio-8080-exec-1] c.c.b.log.controller.LogTesController    : info日志
2022-04-11 14:19:01.051  WARN 7900 --- [http-nio-8080-exec-1] c.c.b.log.controller.LogTesController    : warn日志
2022-04-11 14:19:01.051 ERROR 7900 --- [http-nio-8080-exec-1] c.c.b.log.controller.LogTesController    : error日志
